# JRE version: 7.0_11-b21
# Java VM: Java HotSpot(TM) 64-Bit Server VM (23.6-b04 mixed mode windows-amd64 compressed oops)
Heap
 PSYoungGen      total 29824K, used 1867K [0x00000007d6600000, 0x00000007d8b60000, 0x0000000800000000)
  eden space 23424K, 4% used [0x00000007d6600000,0x00000007d66eadf0,0x00000007d7ce0000)
  from space 6400K, 14% used [0x00000007d8520000,0x00000007d8608000,0x00000007d8b60000)
  to   space 7424K, 0% used [0x00000007d7ce0000,0x00000007d7ce0000,0x00000007d8420000)
 ParOldGen       total 85248K, used 9345K [0x0000000783200000, 0x0000000788540000, 0x00000007d6600000)
  object space 85248K, 10% used [0x0000000783200000,0x0000000783b20710,0x0000000788540000)
 PSPermGen       total 21248K, used 19258K [0x000000077e000000, 0x000000077f4c0000, 0x0000000783200000)
  object space 21248K, 90% used [0x000000077e000000,0x000000077f2cea38,0x000000077f4c0000)
GC Heap History (10 events):
Event: 22.360 GC heap before
{Heap before GC invocations=14 (full 0):
 PSYoungGen      total 26112K, used 26080K [0x00000007d6600000, 0x00000007d9240000, 0x0000000800000000)
  eden space 25984K, 100% used [0x00000007d6600000,0x00000007d7f60000,0x00000007d7f60000)
  from space 128K, 75% used [0x00000007d7ff0000,0x00000007d8008000,0x00000007d8010000)
  to   space 9664K, 0% used [0x00000007d88d0000,0x00000007d88d0000,0x00000007d9240000)
 ParOldGen       total 85248K, used 9249K [0x0000000783200000, 0x0000000788540000, 0x00000007d6600000)
  object space 85248K, 10% used [0x0000000783200000,0x0000000783b08710,0x0000000788540000)
 PSPermGen       total 21248K, used 19226K [0x000000077e000000, 0x000000077f4c0000, 0x0000000783200000)
  object space 21248K, 90% used [0x000000077e000000,0x000000077f2c6a98,0x000000077f4c0000)
Event: 22.362 GC heap after
Heap after GC invocations=14 (full 0):
 PSYoungGen      total 33728K, used 96K [0x00000007d6600000, 0x00000007d90f0000, 0x0000000800000000)
  eden space 25408K, 0% used [0x00000007d6600000,0x00000007d6600000,0x00000007d7ed0000)
  from space 8320K, 1% used [0x00000007d88d0000,0x00000007d88e8000,0x00000007d90f0000)
  to   space 9280K, 0% used [0x00000007d7ed0000,0x00000007d7ed0000,0x00000007d87e0000)
 ParOldGen       total 85248K, used 9257K [0x0000000783200000, 0x0000000788540000, 0x00000007d6600000)
  object space 85248K, 10% used [0x0000000783200000,0x0000000783b0a710,0x0000000788540000)
 PSPermGen       total 21248K, used 19226K [0x000000077e000000, 0x000000077f4c0000, 0x0000000783200000)
  object space 21248K, 90% used [0x000000077e000000,0x000000077f2c6a98,0x000000077f4c0000)
}
Event: 23.663 GC heap before
{Heap before GC invocations=15 (full 0):
 PSYoungGen      total 33728K, used 25504K [0x00000007d6600000, 0x00000007d90f0000, 0x0000000800000000)
  eden space 25408K, 100% used [0x00000007d6600000,0x00000007d7ed0000,0x00000007d7ed0000)
  from space 8320K, 1% used [0x00000007d88d0000,0x00000007d88e8000,0x00000007d90f0000)
  to   space 9280K, 0% used [0x00000007d7ed0000,0x00000007d7ed0000,0x00000007d87e0000)
 ParOldGen       total 85248K, used 9257K [0x0000000783200000, 0x0000000788540000, 0x00000007d6600000)
  object space 85248K, 10% used [0x0000000783200000,0x0000000783b0a710,0x0000000788540000)
 PSPermGen       total 21248K, used 19237K [0x000000077e000000, 0x000000077f4c0000, 0x0000000783200000)
  object space 21248K, 90% used [0x000000077e000000,0x000000077f2c9730,0x000000077f4c0000)
Event: 23.664 GC heap after
Heap after GC invocations=15 (full 0):
 PSYoungGen      total 25024K, used 96K [0x00000007d6600000, 0x00000007d8f90000, 0x0000000800000000)
  eden space 24896K, 0% used [0x00000007d6600000,0x00000007d6600000,0x00000007d7e50000)
  from space 128K, 75% used [0x00000007d7ed0000,0x00000007d7ee8000,0x00000007d7ef0000)
  to   space 8832K, 0% used [0x00000007d86f0000,0x00000007d86f0000,0x00000007d8f90000)
 ParOldGen       total 85248K, used 9297K [0x0000000783200000, 0x0000000788540000, 0x00000007d6600000)
  object space 85248K, 10% used [0x0000000783200000,0x0000000783b14710,0x0000000788540000)
 PSPermGen       total 21248K, used 19237K [0x000000077e000000, 0x000000077f4c0000, 0x0000000783200000)
  object space 21248K, 90% used [0x000000077e000000,0x000000077f2c9730,0x000000077f4c0000)
}
Event: 24.945 GC heap before
{Heap before GC invocations=16 (full 0):
 PSYoungGen      total 25024K, used 24992K [0x00000007d6600000, 0x00000007d8f90000, 0x0000000800000000)
  eden space 24896K, 100% used [0x00000007d6600000,0x00000007d7e50000,0x00000007d7e50000)
  from space 128K, 75% used [0x00000007d7ed0000,0x00000007d7ee8000,0x00000007d7ef0000)
  to   space 8832K, 0% used [0x00000007d86f0000,0x00000007d86f0000,0x00000007d8f90000)
 ParOldGen       total 85248K, used 9297K [0x0000000783200000, 0x0000000788540000, 0x00000007d6600000)
  object space 85248K, 10% used [0x0000000783200000,0x0000000783b14710,0x0000000788540000)
 PSPermGen       total 21248K, used 19238K [0x000000077e000000, 0x000000077f4c0000, 0x0000000783200000)
  object space 21248K, 90% used [0x000000077e000000,0x000000077f2c9bd8,0x000000077f4c0000)
Event: 24.946 GC heap after
Heap after GC invocations=16 (full 0):
 PSYoungGen      total 31936K, used 32K [0x00000007d6600000, 0x00000007d8e50000, 0x0000000800000000)
  eden space 24384K, 0% used [0x00000007d6600000,0x00000007d6600000,0x00000007d7dd0000)
  from space 7552K, 0% used [0x00000007d86f0000,0x00000007d86f8000,0x00000007d8e50000)
  to   space 8448K, 0% used [0x00000007d7dd0000,0x00000007d7dd0000,0x00000007d8610000)
 ParOldGen       total 85248K, used 9329K [0x0000000783200000, 0x0000000788540000, 0x00000007d6600000)
  object space 85248K, 10% used [0x0000000783200000,0x0000000783b1c710,0x0000000788540000)
 PSPermGen       total 21248K, used 19238K [0x000000077e000000, 0x000000077f4c0000, 0x0000000783200000)
  object space 21248K, 90% used [0x000000077e000000,0x000000077f2c9bd8,0x000000077f4c0000)
}
Event: 26.274 GC heap before
{Heap before GC invocations=17 (full 0):
 PSYoungGen      total 31936K, used 24416K [0x00000007d6600000, 0x00000007d8e50000, 0x0000000800000000)
  eden space 24384K, 100% used [0x00000007d6600000,0x00000007d7dd0000,0x00000007d7dd0000)
  from space 7552K, 0% used [0x00000007d86f0000,0x00000007d86f8000,0x00000007d8e50000)
  to   space 8448K, 0% used [0x00000007d7dd0000,0x00000007d7dd0000,0x00000007d8610000)
 ParOldGen       total 85248K, used 9329K [0x0000000783200000, 0x0000000788540000, 0x00000007d6600000)
  object space 85248K, 10% used [0x0000000783200000,0x0000000783b1c710,0x0000000788540000)
 PSPermGen       total 21248K, used 19243K [0x000000077e000000, 0x000000077f4c0000, 0x0000000783200000)
  object space 21248K, 90% used [0x000000077e000000,0x000000077f2caea8,0x000000077f4c0000)
Event: 26.275 GC heap after
Heap after GC invocations=17 (full 0):
 PSYoungGen      total 23936K, used 32K [0x00000007d6600000, 0x00000007d8cf0000, 0x0000000800000000)
  eden space 23872K, 0% used [0x00000007d6600000,0x00000007d6600000,0x00000007d7d50000)
  from space 64K, 50% used [0x00000007d7dd0000,0x00000007d7dd8000,0x00000007d7de0000)
  to   space 8000K, 0% used [0x00000007d8520000,0x00000007d8520000,0x00000007d8cf0000)
 ParOldGen       total 85248K, used 9337K [0x0000000783200000, 0x0000000788540000, 0x00000007d6600000)
  object space 85248K, 10% used [0x0000000783200000,0x0000000783b1e710,0x0000000788540000)
 PSPermGen       total 21248K, used 19243K [0x000000077e000000, 0x000000077f4c0000, 0x0000000783200000)
  object space 21248K, 90% used [0x000000077e000000,0x000000077f2caea8,0x000000077f4c0000)
}
Event: 29.366 GC heap before
{Heap before GC invocations=18 (full 0):
 PSYoungGen      total 23936K, used 23904K [0x00000007d6600000, 0x00000007d8cf0000, 0x0000000800000000)
  eden space 23872K, 100% used [0x00000007d6600000,0x00000007d7d50000,0x00000007d7d50000)
  from space 64K, 50% used [0x00000007d7dd0000,0x00000007d7dd8000,0x00000007d7de0000)
  to   space 8000K, 0% used [0x00000007d8520000,0x00000007d8520000,0x00000007d8cf0000)
 ParOldGen       total 85248K, used 9337K [0x0000000783200000, 0x0000000788540000, 0x00000007d6600000)
  object space 85248K, 10% used [0x0000000783200000,0x0000000783b1e710,0x0000000788540000)
 PSPermGen       total 21248K, used 19257K [0x000000077e000000, 0x000000077f4c0000, 0x0000000783200000)
  object space 21248K, 90% used [0x000000077e000000,0x000000077f2ce7e8,0x000000077f4c0000)
Event: 29.368 GC heap after
Heap after GC invocations=18 (full 0):
 PSYoungGen      total 29824K, used 928K [0x00000007d6600000, 0x00000007d8b60000, 0x0000000800000000)
  eden space 23424K, 0% used [0x00000007d6600000,0x00000007d6600000,0x00000007d7ce0000)
  from space 6400K, 14% used [0x00000007d8520000,0x00000007d8608000,0x00000007d8b60000)
  to   space 7424K, 0% used [0x00000007d7ce0000,0x00000007d7ce0000,0x00000007d8420000)
 ParOldGen       total 85248K, used 9345K [0x0000000783200000, 0x0000000788540000, 0x00000007d6600000)
  object space 85248K, 10% used [0x0000000783200000,0x0000000783b20710,0x0000000788540000)
 PSPermGen       total 21248K, used 19257K [0x000000077e000000, 0x000000077f4c0000, 0x0000000783200000)
  object space 21248K, 90% used [0x000000077e000000,0x000000077f2ce7e8,0x000000077f4c0000)
}

