# JRE version: 7.0_11-b21
# Java VM: Java HotSpot(TM) 64-Bit Server VM (23.6-b04 mixed mode windows-amd64 compressed oops)
Heap
 PSYoungGen      total 59584K, used 3798K [0x00000007d6600000, 0x00000007de580000, 0x0000000800000000)
  eden space 57984K, 3% used [0x00000007d6600000,0x00000007d6831ae8,0x00000007d9ea0000)
  from space 1600K, 97% used [0x00000007de3f0000,0x00000007de574010,0x00000007de580000)
  to   space 13184K, 0% used [0x00000007dcbc0000,0x00000007dcbc0000,0x00000007dd8a0000)
 ParOldGen       total 85248K, used 13551K [0x0000000783200000, 0x0000000788540000, 0x00000007d6600000)
  object space 85248K, 15% used [0x0000000783200000,0x0000000783f3bca8,0x0000000788540000)
 PSPermGen       total 21248K, used 19235K [0x000000077e000000, 0x000000077f4c0000, 0x0000000783200000)
  object space 21248K, 90% used [0x000000077e000000,0x000000077f2c8df0,0x000000077f4c0000)
GC Heap History (10 events):
Event: 5.682 GC heap before
{Heap before GC invocations=4 (full 0):
 PSYoungGen      total 37312K, used 36847K [0x00000007d6600000, 0x00000007daee0000, 0x0000000800000000)
  eden space 32000K, 100% used [0x00000007d6600000,0x00000007d8540000,0x00000007d8540000)
  from space 5312K, 91% used [0x00000007d8540000,0x00000007d89fbc38,0x00000007d8a70000)
  to   space 5312K, 0% used [0x00000007da9b0000,0x00000007da9b0000,0x00000007daee0000)
 ParOldGen       total 85248K, used 9595K [0x0000000783200000, 0x0000000788540000, 0x00000007d6600000)
  object space 85248K, 11% used [0x0000000783200000,0x0000000783b5ed60,0x0000000788540000)
 PSPermGen       total 21248K, used 19042K [0x000000077e000000, 0x000000077f4c0000, 0x0000000783200000)
  object space 21248K, 89% used [0x000000077e000000,0x000000077f2988b0,0x000000077f4c0000)
Event: 5.694 GC heap after
Heap after GC invocations=4 (full 0):
 PSYoungGen      total 69312K, used 4633K [0x00000007d6600000, 0x00000007daee0000, 0x0000000800000000)
  eden space 64000K, 0% used [0x00000007d6600000,0x00000007d6600000,0x00000007da480000)
  from space 5312K, 87% used [0x00000007da9b0000,0x00000007dae367d0,0x00000007daee0000)
  to   space 5312K, 0% used [0x00000007da480000,0x00000007da480000,0x00000007da9b0000)
 ParOldGen       total 85248K, used 9603K [0x0000000783200000, 0x0000000788540000, 0x00000007d6600000)
  object space 85248K, 11% used [0x0000000783200000,0x0000000783b60d60,0x0000000788540000)
 PSPermGen       total 21248K, used 19042K [0x000000077e000000, 0x000000077f4c0000, 0x0000000783200000)
  object space 21248K, 89% used [0x000000077e000000,0x000000077f2988b0,0x000000077f4c0000)
}
Event: 9.547 GC heap before
{Heap before GC invocations=5 (full 0):
 PSYoungGen      total 69312K, used 68633K [0x00000007d6600000, 0x00000007daee0000, 0x0000000800000000)
  eden space 64000K, 100% used [0x00000007d6600000,0x00000007da480000,0x00000007da480000)
  from space 5312K, 87% used [0x00000007da9b0000,0x00000007dae367d0,0x00000007daee0000)
  to   space 5312K, 0% used [0x00000007da480000,0x00000007da480000,0x00000007da9b0000)
 ParOldGen       total 85248K, used 9603K [0x0000000783200000, 0x0000000788540000, 0x00000007d6600000)
  object space 85248K, 11% used [0x0000000783200000,0x0000000783b60d60,0x0000000788540000)
 PSPermGen       total 21248K, used 19101K [0x000000077e000000, 0x000000077f4c0000, 0x0000000783200000)
  object space 21248K, 89% used [0x000000077e000000,0x000000077f2a7758,0x000000077f4c0000)
Event: 9.562 GC heap after
Heap after GC invocations=5 (full 0):
 PSYoungGen      total 69312K, used 5227K [0x00000007d6600000, 0x00000007dfea0000, 0x0000000800000000)
  eden space 64000K, 0% used [0x00000007d6600000,0x00000007d6600000,0x00000007da480000)
  from space 5312K, 98% used [0x00000007da480000,0x00000007da99ac10,0x00000007da9b0000)
  to   space 14144K, 0% used [0x00000007df0d0000,0x00000007df0d0000,0x00000007dfea0000)
 ParOldGen       total 85248K, used 9611K [0x0000000783200000, 0x0000000788540000, 0x00000007d6600000)
  object space 85248K, 11% used [0x0000000783200000,0x0000000783b62d60,0x0000000788540000)
 PSPermGen       total 21248K, used 19101K [0x000000077e000000, 0x000000077f4c0000, 0x0000000783200000)
  object space 21248K, 89% used [0x000000077e000000,0x000000077f2a7758,0x000000077f4c0000)
}
Event: 12.668 GC heap before
{Heap before GC invocations=6 (full 0):
 PSYoungGen      total 69312K, used 69227K [0x00000007d6600000, 0x00000007dfea0000, 0x0000000800000000)
  eden space 64000K, 100% used [0x00000007d6600000,0x00000007da480000,0x00000007da480000)
  from space 5312K, 98% used [0x00000007da480000,0x00000007da99ac10,0x00000007da9b0000)
  to   space 14144K, 0% used [0x00000007df0d0000,0x00000007df0d0000,0x00000007dfea0000)
 ParOldGen       total 85248K, used 9611K [0x0000000783200000, 0x0000000788540000, 0x00000007d6600000)
  object space 85248K, 11% used [0x0000000783200000,0x0000000783b62d60,0x0000000788540000)
 PSPermGen       total 21248K, used 19152K [0x000000077e000000, 0x000000077f4c0000, 0x0000000783200000)
  object space 21248K, 90% used [0x000000077e000000,0x000000077f2b40f8,0x000000077f4c0000)
Event: 12.682 GC heap after
Heap after GC invocations=6 (full 0):
 PSYoungGen      total 67136K, used 5233K [0x00000007d6600000, 0x00000007df5f0000, 0x0000000800000000)
  eden space 61888K, 0% used [0x00000007d6600000,0x00000007d6600000,0x00000007da270000)
  from space 5248K, 99% used [0x00000007df0d0000,0x00000007df5ec520,0x00000007df5f0000)
  to   space 13312K, 0% used [0x00000007ddbf0000,0x00000007ddbf0000,0x00000007de8f0000)
 ParOldGen       total 85248K, used 9619K [0x0000000783200000, 0x0000000788540000, 0x00000007d6600000)
  object space 85248K, 11% used [0x0000000783200000,0x0000000783b64d60,0x0000000788540000)
 PSPermGen       total 21248K, used 19152K [0x000000077e000000, 0x000000077f4c0000, 0x0000000783200000)
  object space 21248K, 90% used [0x000000077e000000,0x000000077f2b40f8,0x000000077f4c0000)
}
Event: 15.688 GC heap before
{Heap before GC invocations=7 (full 0):
 PSYoungGen      total 67136K, used 67121K [0x00000007d6600000, 0x00000007df5f0000, 0x0000000800000000)
  eden space 61888K, 100% used [0x00000007d6600000,0x00000007da270000,0x00000007da270000)
  from space 5248K, 99% used [0x00000007df0d0000,0x00000007df5ec520,0x00000007df5f0000)
  to   space 13312K, 0% used [0x00000007ddbf0000,0x00000007ddbf0000,0x00000007de8f0000)
 ParOldGen       total 85248K, used 9619K [0x0000000783200000, 0x0000000788540000, 0x00000007d6600000)
  object space 85248K, 11% used [0x0000000783200000,0x0000000783b64d60,0x0000000788540000)
 PSPermGen       total 21248K, used 19194K [0x000000077e000000, 0x000000077f4c0000, 0x0000000783200000)
  object space 21248K, 90% used [0x000000077e000000,0x000000077f2be830,0x000000077f4c0000)
Event: 15.704 GC heap after
Heap after GC invocations=7 (full 0):
 PSYoungGen      total 62272K, used 2359K [0x00000007d6600000, 0x00000007df0e0000, 0x0000000800000000)
  eden space 59904K, 0% used [0x00000007d6600000,0x00000007d6600000,0x00000007da080000)
  from space 2368K, 99% used [0x00000007ddbf0000,0x00000007dde3de60,0x00000007dde40000)
  to   space 13248K, 0% used [0x00000007de3f0000,0x00000007de3f0000,0x00000007df0e0000)
 ParOldGen       total 85248K, used 12882K [0x0000000783200000, 0x0000000788540000, 0x00000007d6600000)
  object space 85248K, 15% used [0x0000000783200000,0x0000000783e949d8,0x0000000788540000)
 PSPermGen       total 21248K, used 19194K [0x000000077e000000, 0x000000077f4c0000, 0x0000000783200000)
  object space 21248K, 90% used [0x000000077e000000,0x000000077f2be830,0x000000077f4c0000)
}
Event: 18.846 GC heap before
{Heap before GC invocations=8 (full 0):
 PSYoungGen      total 62272K, used 62263K [0x00000007d6600000, 0x00000007df0e0000, 0x0000000800000000)
  eden space 59904K, 100% used [0x00000007d6600000,0x00000007da080000,0x00000007da080000)
  from space 2368K, 99% used [0x00000007ddbf0000,0x00000007dde3de60,0x00000007dde40000)
  to   space 13248K, 0% used [0x00000007de3f0000,0x00000007de3f0000,0x00000007df0e0000)
 ParOldGen       total 85248K, used 12882K [0x0000000783200000, 0x0000000788540000, 0x00000007d6600000)
  object space 85248K, 15% used [0x0000000783200000,0x0000000783e949d8,0x0000000788540000)
 PSPermGen       total 21248K, used 19233K [0x000000077e000000, 0x000000077f4c0000, 0x0000000783200000)
  object space 21248K, 90% used [0x000000077e000000,0x000000077f2c84e0,0x000000077f4c0000)
Event: 18.852 GC heap after
Heap after GC invocations=8 (full 0):
 PSYoungGen      total 59584K, used 1552K [0x00000007d6600000, 0x00000007de580000, 0x0000000800000000)
  eden space 57984K, 0% used [0x00000007d6600000,0x00000007d6600000,0x00000007d9ea0000)
  from space 1600K, 97% used [0x00000007de3f0000,0x00000007de574010,0x00000007de580000)
  to   space 13184K, 0% used [0x00000007dcbc0000,0x00000007dcbc0000,0x00000007dd8a0000)
 ParOldGen       total 85248K, used 13551K [0x0000000783200000, 0x0000000788540000, 0x00000007d6600000)
  object space 85248K, 15% used [0x0000000783200000,0x0000000783f3bca8,0x0000000788540000)
 PSPermGen       total 21248K, used 19233K [0x000000077e000000, 0x000000077f4c0000, 0x0000000783200000)
  object space 21248K, 90% used [0x000000077e000000,0x000000077f2c84e0,0x000000077f4c0000)
}

