# JRE version: 7.0_11-b21
# Java VM: Java HotSpot(TM) 64-Bit Server VM (23.6-b04 mixed mode windows-amd64 compressed oops)
Heap
 PSYoungGen      total 75584K, used 8856K [0x00000007d6600000, 0x00000007dc110000, 0x0000000800000000)
  eden space 72384K, 7% used [0x00000007d6600000,0x00000007d6b860f8,0x00000007dacb0000)
  from space 3200K, 100% used [0x00000007daf40000,0x00000007db260000,0x00000007db260000)
  to   space 10432K, 0% used [0x00000007db6e0000,0x00000007db6e0000,0x00000007dc110000)
 ParOldGen       total 85248K, used 21103K [0x0000000783200000, 0x0000000788540000, 0x00000007d6600000)
  object space 85248K, 24% used [0x0000000783200000,0x000000078469bf88,0x0000000788540000)
 PSPermGen       total 21248K, used 19709K [0x000000077e000000, 0x000000077f4c0000, 0x0000000783200000)
  object space 21248K, 92% used [0x000000077e000000,0x000000077f33f748,0x000000077f4c0000)
GC Heap History (10 events):
Event: 69.763 GC heap before
{Heap before GC invocations=15 (full 0):
 PSYoungGen      total 92416K, used 91379K [0x00000007d6600000, 0x00000007dcfd0000, 0x0000000800000000)
  eden space 86720K, 100% used [0x00000007d6600000,0x00000007dbab0000,0x00000007dbab0000)
  from space 5696K, 81% used [0x00000007dca40000,0x00000007dceccd30,0x00000007dcfd0000)
  to   space 10816K, 0% used [0x00000007dbab0000,0x00000007dbab0000,0x00000007dc540000)
 ParOldGen       total 85248K, used 20013K [0x0000000783200000, 0x0000000788540000, 0x00000007d6600000)
  object space 85248K, 23% used [0x0000000783200000,0x000000078458b7c8,0x0000000788540000)
 PSPermGen       total 21248K, used 19692K [0x000000077e000000, 0x000000077f4c0000, 0x0000000783200000)
  object space 21248K, 92% used [0x000000077e000000,0x000000077f33b2b0,0x000000077f4c0000)
Event: 69.778 GC heap after
Heap after GC invocations=15 (full 0):
 PSYoungGen      total 87104K, used 3520K [0x00000007d6600000, 0x00000007dccc0000, 0x0000000800000000)
  eden space 83584K, 0% used [0x00000007d6600000,0x00000007d6600000,0x00000007db7a0000)
  from space 3520K, 100% used [0x00000007dbab0000,0x00000007dbe20000,0x00000007dbe20000)
  to   space 10816K, 0% used [0x00000007dc230000,0x00000007dc230000,0x00000007dccc0000)
 ParOldGen       total 85248K, used 20923K [0x0000000783200000, 0x0000000788540000, 0x00000007d6600000)
  object space 85248K, 24% used [0x0000000783200000,0x000000078466ed68,0x0000000788540000)
 PSPermGen       total 21248K, used 19692K [0x000000077e000000, 0x000000077f4c0000, 0x0000000783200000)
  object space 21248K, 92% used [0x000000077e000000,0x000000077f33b2b0,0x000000077f4c0000)
}
Event: 72.958 GC heap before
{Heap before GC invocations=16 (full 0):
 PSYoungGen      total 87104K, used 87104K [0x00000007d6600000, 0x00000007dccc0000, 0x0000000800000000)
  eden space 83584K, 100% used [0x00000007d6600000,0x00000007db7a0000,0x00000007db7a0000)
  from space 3520K, 100% used [0x00000007dbab0000,0x00000007dbe20000,0x00000007dbe20000)
  to   space 10816K, 0% used [0x00000007dc230000,0x00000007dc230000,0x00000007dccc0000)
 ParOldGen       total 85248K, used 20923K [0x0000000783200000, 0x0000000788540000, 0x00000007d6600000)
  object space 85248K, 24% used [0x0000000783200000,0x000000078466ed68,0x0000000788540000)
 PSPermGen       total 21248K, used 19703K [0x000000077e000000, 0x000000077f4c0000, 0x0000000783200000)
  object space 21248K, 92% used [0x000000077e000000,0x000000077f33ddf8,0x000000077f4c0000)
Event: 72.974 GC heap after
Heap after GC invocations=16 (full 0):
 PSYoungGen      total 88256K, used 3520K [0x00000007d6600000, 0x00000007dc9b0000, 0x0000000800000000)
  eden space 80576K, 0% used [0x00000007d6600000,0x00000007d6600000,0x00000007db4b0000)
  from space 7680K, 45% used [0x00000007dc230000,0x00000007dc5a0000,0x00000007dc9b0000)
  to   space 10752K, 0% used [0x00000007db4b0000,0x00000007db4b0000,0x00000007dbf30000)
 ParOldGen       total 85248K, used 20985K [0x0000000783200000, 0x0000000788540000, 0x00000007d6600000)
  object space 85248K, 24% used [0x0000000783200000,0x000000078467e678,0x0000000788540000)
 PSPermGen       total 21248K, used 19703K [0x000000077e000000, 0x000000077f4c0000, 0x0000000783200000)
  object space 21248K, 92% used [0x000000077e000000,0x000000077f33ddf8,0x000000077f4c0000)
}
Event: 76.111 GC heap before
{Heap before GC invocations=17 (full 0):
 PSYoungGen      total 88256K, used 84096K [0x00000007d6600000, 0x00000007dc9b0000, 0x0000000800000000)
  eden space 80576K, 100% used [0x00000007d6600000,0x00000007db4b0000,0x00000007db4b0000)
  from space 7680K, 45% used [0x00000007dc230000,0x00000007dc5a0000,0x00000007dc9b0000)
  to   space 10752K, 0% used [0x00000007db4b0000,0x00000007db4b0000,0x00000007dbf30000)
 ParOldGen       total 85248K, used 20985K [0x0000000783200000, 0x0000000788540000, 0x00000007d6600000)
  object space 85248K, 24% used [0x0000000783200000,0x000000078467e678,0x0000000788540000)
 PSPermGen       total 21248K, used 19706K [0x000000077e000000, 0x000000077f4c0000, 0x0000000783200000)
  object space 21248K, 92% used [0x000000077e000000,0x000000077f33eb50,0x000000077f4c0000)
Event: 76.122 GC heap after
Heap after GC invocations=17 (full 0):
 PSYoungGen      total 80512K, used 2784K [0x00000007d6600000, 0x00000007dc700000, 0x0000000800000000)
  eden space 77696K, 0% used [0x00000007d6600000,0x00000007d6600000,0x00000007db1e0000)
  from space 2816K, 98% used [0x00000007db4b0000,0x00000007db768000,0x00000007db770000)
  to   space 10816K, 0% used [0x00000007dbc70000,0x00000007dbc70000,0x00000007dc700000)
 ParOldGen       total 85248K, used 21009K [0x0000000783200000, 0x0000000788540000, 0x00000007d6600000)
  object space 85248K, 24% used [0x0000000783200000,0x0000000784684678,0x0000000788540000)
 PSPermGen       total 21248K, used 19706K [0x000000077e000000, 0x000000077f4c0000, 0x0000000783200000)
  object space 21248K, 92% used [0x000000077e000000,0x000000077f33eb50,0x000000077f4c0000)
}
Event: 79.096 GC heap before
{Heap before GC invocations=18 (full 0):
 PSYoungGen      total 80512K, used 80480K [0x00000007d6600000, 0x00000007dc700000, 0x0000000800000000)
  eden space 77696K, 100% used [0x00000007d6600000,0x00000007db1e0000,0x00000007db1e0000)
  from space 2816K, 98% used [0x00000007db4b0000,0x00000007db768000,0x00000007db770000)
  to   space 10816K, 0% used [0x00000007dbc70000,0x00000007dbc70000,0x00000007dc700000)
 ParOldGen       total 85248K, used 21009K [0x0000000783200000, 0x0000000788540000, 0x00000007d6600000)
  object space 85248K, 24% used [0x0000000783200000,0x0000000784684678,0x0000000788540000)
 PSPermGen       total 21248K, used 19708K [0x000000077e000000, 0x000000077f4c0000, 0x0000000783200000)
  object space 21248K, 92% used [0x000000077e000000,0x000000077f33f2b8,0x000000077f4c0000)
Event: 79.109 GC heap after
Heap after GC invocations=18 (full 0):
 PSYoungGen      total 82752K, used 3328K [0x00000007d6600000, 0x00000007dc400000, 0x0000000800000000)
  eden space 75008K, 0% used [0x00000007d6600000,0x00000007d6600000,0x00000007daf40000)
  from space 7744K, 42% used [0x00000007dbc70000,0x00000007dbfb0000,0x00000007dc400000)
  to   space 10624K, 0% used [0x00000007daf40000,0x00000007daf40000,0x00000007db9a0000)
 ParOldGen       total 85248K, used 21079K [0x0000000783200000, 0x0000000788540000, 0x00000007d6600000)
  object space 85248K, 24% used [0x0000000783200000,0x0000000784695f88,0x0000000788540000)
 PSPermGen       total 21248K, used 19708K [0x000000077e000000, 0x000000077f4c0000, 0x0000000783200000)
  object space 21248K, 92% used [0x000000077e000000,0x000000077f33f2b8,0x000000077f4c0000)
}
Event: 82.383 GC heap before
{Heap before GC invocations=19 (full 0):
 PSYoungGen      total 82752K, used 78336K [0x00000007d6600000, 0x00000007dc400000, 0x0000000800000000)
  eden space 75008K, 100% used [0x00000007d6600000,0x00000007daf40000,0x00000007daf40000)
  from space 7744K, 42% used [0x00000007dbc70000,0x00000007dbfb0000,0x00000007dc400000)
  to   space 10624K, 0% used [0x00000007daf40000,0x00000007daf40000,0x00000007db9a0000)
 ParOldGen       total 85248K, used 21079K [0x0000000783200000, 0x0000000788540000, 0x00000007d6600000)
  object space 85248K, 24% used [0x0000000783200000,0x0000000784695f88,0x0000000788540000)
 PSPermGen       total 21248K, used 19709K [0x000000077e000000, 0x000000077f4c0000, 0x0000000783200000)
  object space 21248K, 92% used [0x000000077e000000,0x000000077f33f748,0x000000077f4c0000)
Event: 82.395 GC heap after
Heap after GC invocations=19 (full 0):
 PSYoungGen      total 75584K, used 3200K [0x00000007d6600000, 0x00000007dc110000, 0x0000000800000000)
  eden space 72384K, 0% used [0x00000007d6600000,0x00000007d6600000,0x00000007dacb0000)
  from space 3200K, 100% used [0x00000007daf40000,0x00000007db260000,0x00000007db260000)
  to   space 10432K, 0% used [0x00000007db6e0000,0x00000007db6e0000,0x00000007dc110000)
 ParOldGen       total 85248K, used 21103K [0x0000000783200000, 0x0000000788540000, 0x00000007d6600000)
  object space 85248K, 24% used [0x0000000783200000,0x000000078469bf88,0x0000000788540000)
 PSPermGen       total 21248K, used 19709K [0x000000077e000000, 0x000000077f4c0000, 0x0000000783200000)
  object space 21248K, 92% used [0x000000077e000000,0x000000077f33f748,0x000000077f4c0000)
}

