# JRE version: 7.0_11-b21
# Java VM: Java HotSpot(TM) 64-Bit Server VM (23.6-b04 mixed mode windows-amd64 compressed oops)
Heap
 PSYoungGen      total 132416K, used 15852K [0x00000007d6600000, 0x00000007e7700000, 0x0000000800000000)
  eden space 119424K, 2% used [0x00000007d6600000,0x00000007d68db248,0x00000007ddaa0000)
  from space 12992K, 99% used [0x00000007e6a50000,0x00000007e76f0010,0x00000007e7700000)
  to   space 18368K, 0% used [0x00000007e5320000,0x00000007e5320000,0x00000007e6510000)
 ParOldGen       total 85248K, used 18732K [0x0000000783200000, 0x0000000788540000, 0x00000007d6600000)
  object space 85248K, 21% used [0x0000000783200000,0x000000078444b3a0,0x0000000788540000)
 PSPermGen       total 21248K, used 19607K [0x000000077e000000, 0x000000077f4c0000, 0x0000000783200000)
  object space 21248K, 92% used [0x000000077e000000,0x000000077f325c08,0x000000077f4c0000)
GC Heap History (10 events):
Event: 4.977 GC heap before
{Heap before GC invocations=4 (full 0):
 PSYoungGen      total 37312K, used 37293K [0x00000007d6600000, 0x00000007daee0000, 0x0000000800000000)
  eden space 32000K, 100% used [0x00000007d6600000,0x00000007d8540000,0x00000007d8540000)
  from space 5312K, 99% used [0x00000007d8540000,0x00000007d8a6b510,0x00000007d8a70000)
  to   space 5312K, 0% used [0x00000007da9b0000,0x00000007da9b0000,0x00000007daee0000)
 ParOldGen       total 85248K, used 5783K [0x0000000783200000, 0x0000000788540000, 0x00000007d6600000)
  object space 85248K, 6% used [0x0000000783200000,0x00000007837a5c00,0x0000000788540000)
 PSPermGen       total 21248K, used 19245K [0x000000077e000000, 0x000000077f4c0000, 0x0000000783200000)
  object space 21248K, 90% used [0x000000077e000000,0x000000077f2cb760,0x000000077f4c0000)
Event: 4.993 GC heap after
Heap after GC invocations=4 (full 0):
 PSYoungGen      total 69312K, used 5291K [0x00000007d6600000, 0x00000007daee0000, 0x0000000800000000)
  eden space 64000K, 0% used [0x00000007d6600000,0x00000007d6600000,0x00000007da480000)
  from space 5312K, 99% used [0x00000007da9b0000,0x00000007daedac20,0x00000007daee0000)
  to   space 5312K, 0% used [0x00000007da480000,0x00000007da480000,0x00000007da9b0000)
 ParOldGen       total 85248K, used 6900K [0x0000000783200000, 0x0000000788540000, 0x00000007d6600000)
  object space 85248K, 8% used [0x0000000783200000,0x00000007838bd180,0x0000000788540000)
 PSPermGen       total 21248K, used 19245K [0x000000077e000000, 0x000000077f4c0000, 0x0000000783200000)
  object space 21248K, 90% used [0x000000077e000000,0x000000077f2cb760,0x000000077f4c0000)
}
Event: 7.175 GC heap before
{Heap before GC invocations=5 (full 0):
 PSYoungGen      total 69312K, used 69291K [0x00000007d6600000, 0x00000007daee0000, 0x0000000800000000)
  eden space 64000K, 100% used [0x00000007d6600000,0x00000007da480000,0x00000007da480000)
  from space 5312K, 99% used [0x00000007da9b0000,0x00000007daedac20,0x00000007daee0000)
  to   space 5312K, 0% used [0x00000007da480000,0x00000007da480000,0x00000007da9b0000)
 ParOldGen       total 85248K, used 6900K [0x0000000783200000, 0x0000000788540000, 0x00000007d6600000)
  object space 85248K, 8% used [0x0000000783200000,0x00000007838bd180,0x0000000788540000)
 PSPermGen       total 21248K, used 19327K [0x000000077e000000, 0x000000077f4c0000, 0x0000000783200000)
  object space 21248K, 90% used [0x000000077e000000,0x000000077f2dff10,0x000000077f4c0000)
Event: 7.196 GC heap after
Heap after GC invocations=5 (full 0):
 PSYoungGen      total 69312K, used 5289K [0x00000007d6600000, 0x00000007df660000, 0x0000000800000000)
  eden space 64000K, 0% used [0x00000007d6600000,0x00000007d6600000,0x00000007da480000)
  from space 5312K, 99% used [0x00000007da480000,0x00000007da9aa4e0,0x00000007da9b0000)
  to   space 9920K, 0% used [0x00000007decb0000,0x00000007decb0000,0x00000007df660000)
 ParOldGen       total 85248K, used 9368K [0x0000000783200000, 0x0000000788540000, 0x00000007d6600000)
  object space 85248K, 10% used [0x0000000783200000,0x0000000783b261d0,0x0000000788540000)
 PSPermGen       total 21248K, used 19327K [0x000000077e000000, 0x000000077f4c0000, 0x0000000783200000)
  object space 21248K, 90% used [0x000000077e000000,0x000000077f2dff10,0x000000077f4c0000)
}
Event: 13.330 GC heap before
{Heap before GC invocations=6 (full 0):
 PSYoungGen      total 69312K, used 69289K [0x00000007d6600000, 0x00000007df660000, 0x0000000800000000)
  eden space 64000K, 100% used [0x00000007d6600000,0x00000007da480000,0x00000007da480000)
  from space 5312K, 99% used [0x00000007da480000,0x00000007da9aa4e0,0x00000007da9b0000)
  to   space 9920K, 0% used [0x00000007decb0000,0x00000007decb0000,0x00000007df660000)
 ParOldGen       total 85248K, used 9368K [0x0000000783200000, 0x0000000788540000, 0x00000007d6600000)
  object space 85248K, 10% used [0x0000000783200000,0x0000000783b261d0,0x0000000788540000)
 PSPermGen       total 21248K, used 19446K [0x000000077e000000, 0x000000077f4c0000, 0x0000000783200000)
  object space 21248K, 91% used [0x000000077e000000,0x000000077f2fd970,0x000000077f4c0000)
Event: 13.380 GC heap after
Heap after GC invocations=6 (full 0):
 PSYoungGen      total 134272K, used 9918K [0x00000007d6600000, 0x00000007dfd80000, 0x0000000800000000)
  eden space 124352K, 0% used [0x00000007d6600000,0x00000007d6600000,0x00000007ddf70000)
  from space 9920K, 99% used [0x00000007decb0000,0x00000007df65fbd8,0x00000007df660000)
  to   space 13568K, 0% used [0x00000007ddf70000,0x00000007ddf70000,0x00000007decb0000)
 ParOldGen       total 85248K, used 13640K [0x0000000783200000, 0x0000000788540000, 0x00000007d6600000)
  object space 85248K, 16% used [0x0000000783200000,0x0000000783f52200,0x0000000788540000)
 PSPermGen       total 21248K, used 19446K [0x000000077e000000, 0x000000077f4c0000, 0x0000000783200000)
  object space 21248K, 91% used [0x000000077e000000,0x000000077f2fd970,0x000000077f4c0000)
}
Event: 21.751 GC heap before
{Heap before GC invocations=7 (full 0):
 PSYoungGen      total 134272K, used 134270K [0x00000007d6600000, 0x00000007dfd80000, 0x0000000800000000)
  eden space 124352K, 100% used [0x00000007d6600000,0x00000007ddf70000,0x00000007ddf70000)
  from space 9920K, 99% used [0x00000007decb0000,0x00000007df65fbd8,0x00000007df660000)
  to   space 13568K, 0% used [0x00000007ddf70000,0x00000007ddf70000,0x00000007decb0000)
 ParOldGen       total 85248K, used 13640K [0x0000000783200000, 0x0000000788540000, 0x00000007d6600000)
  object space 85248K, 16% used [0x0000000783200000,0x0000000783f52200,0x0000000788540000)
 PSPermGen       total 21248K, used 19551K [0x000000077e000000, 0x000000077f4c0000, 0x0000000783200000)
  object space 21248K, 92% used [0x000000077e000000,0x000000077f317f40,0x000000077f4c0000)
Event: 21.813 GC heap after
Heap after GC invocations=7 (full 0):
 PSYoungGen      total 137920K, used 13565K [0x00000007d6600000, 0x00000007e7bc0000, 0x0000000800000000)
  eden space 124352K, 0% used [0x00000007d6600000,0x00000007d6600000,0x00000007ddf70000)
  from space 13568K, 99% used [0x00000007ddf70000,0x00000007decaf780,0x00000007decb0000)
  to   space 17856K, 0% used [0x00000007e6a50000,0x00000007e6a50000,0x00000007e7bc0000)
 ParOldGen       total 85248K, used 18230K [0x0000000783200000, 0x0000000788540000, 0x00000007d6600000)
  object space 85248K, 21% used [0x0000000783200000,0x00000007843cdbd8,0x0000000788540000)
 PSPermGen       total 21248K, used 19551K [0x000000077e000000, 0x000000077f4c0000, 0x0000000783200000)
  object space 21248K, 92% used [0x000000077e000000,0x000000077f317f40,0x000000077f4c0000)
}
Event: 30.694 GC heap before
{Heap before GC invocations=8 (full 0):
 PSYoungGen      total 137920K, used 137917K [0x00000007d6600000, 0x00000007e7bc0000, 0x0000000800000000)
  eden space 124352K, 100% used [0x00000007d6600000,0x00000007ddf70000,0x00000007ddf70000)
  from space 13568K, 99% used [0x00000007ddf70000,0x00000007decaf780,0x00000007decb0000)
  to   space 17856K, 0% used [0x00000007e6a50000,0x00000007e6a50000,0x00000007e7bc0000)
 ParOldGen       total 85248K, used 18230K [0x0000000783200000, 0x0000000788540000, 0x00000007d6600000)
  object space 85248K, 21% used [0x0000000783200000,0x00000007843cdbd8,0x0000000788540000)
 PSPermGen       total 21248K, used 19607K [0x000000077e000000, 0x000000077f4c0000, 0x0000000783200000)
  object space 21248K, 92% used [0x000000077e000000,0x000000077f325c08,0x000000077f4c0000)
Event: 30.738 GC heap after
Heap after GC invocations=8 (full 0):
 PSYoungGen      total 132416K, used 12928K [0x00000007d6600000, 0x00000007e7700000, 0x0000000800000000)
  eden space 119424K, 0% used [0x00000007d6600000,0x00000007d6600000,0x00000007ddaa0000)
  from space 12992K, 99% used [0x00000007e6a50000,0x00000007e76f0010,0x00000007e7700000)
  to   space 18368K, 0% used [0x00000007e5320000,0x00000007e5320000,0x00000007e6510000)
 ParOldGen       total 85248K, used 18732K [0x0000000783200000, 0x0000000788540000, 0x00000007d6600000)
  object space 85248K, 21% used [0x0000000783200000,0x000000078444b3a0,0x0000000788540000)
 PSPermGen       total 21248K, used 19607K [0x000000077e000000, 0x000000077f4c0000, 0x0000000783200000)
  object space 21248K, 92% used [0x000000077e000000,0x000000077f325c08,0x000000077f4c0000)
}

