# JRE version: 7.0_11-b21
# Java VM: Java HotSpot(TM) 64-Bit Server VM (23.6-b04 mixed mode windows-amd64 compressed oops)
Heap
 PSYoungGen      total 61312K, used 21879K [0x00000007d6600000, 0x00000007db400000, 0x0000000800000000)
  eden space 57984K, 32% used [0x00000007d6600000,0x00000007d782c168,0x00000007d9ea0000)
  from space 3328K, 98% used [0x00000007da080000,0x00000007da3b1e70,0x00000007da3c0000)
  to   space 10944K, 0% used [0x00000007da950000,0x00000007da950000,0x00000007db400000)
 ParOldGen       total 85248K, used 11143K [0x0000000783200000, 0x0000000788540000, 0x00000007d6600000)
  object space 85248K, 13% used [0x0000000783200000,0x0000000783ce1f68,0x0000000788540000)
 PSPermGen       total 21248K, used 19201K [0x000000077e000000, 0x000000077f4c0000, 0x0000000783200000)
  object space 21248K, 90% used [0x000000077e000000,0x000000077f2c0478,0x000000077f4c0000)
GC Heap History (10 events):
Event: 4.249 GC heap before
{Heap before GC invocations=3 (full 0):
 PSYoungGen      total 37312K, used 35938K [0x00000007d6600000, 0x00000007daee0000, 0x0000000800000000)
  eden space 32000K, 100% used [0x00000007d6600000,0x00000007d8540000,0x00000007d8540000)
  from space 5312K, 74% used [0x00000007d8a70000,0x00000007d8e48820,0x00000007d8fa0000)
  to   space 5312K, 0% used [0x00000007d8540000,0x00000007d8540000,0x00000007d8a70000)
 ParOldGen       total 85248K, used 7044K [0x0000000783200000, 0x0000000788540000, 0x00000007d6600000)
  object space 85248K, 8% used [0x0000000783200000,0x00000007838e13c0,0x0000000788540000)
 PSPermGen       total 21248K, used 18974K [0x000000077e000000, 0x000000077f4c0000, 0x0000000783200000)
  object space 21248K, 89% used [0x000000077e000000,0x000000077f287a78,0x000000077f4c0000)
Event: 4.257 GC heap after
Heap after GC invocations=3 (full 0):
 PSYoungGen      total 37312K, used 5036K [0x00000007d6600000, 0x00000007daee0000, 0x0000000800000000)
  eden space 32000K, 0% used [0x00000007d6600000,0x00000007d6600000,0x00000007d8540000)
  from space 5312K, 94% used [0x00000007d8540000,0x00000007d8a2b360,0x00000007d8a70000)
  to   space 5312K, 0% used [0x00000007da9b0000,0x00000007da9b0000,0x00000007daee0000)
 ParOldGen       total 85248K, used 7052K [0x0000000783200000, 0x0000000788540000, 0x00000007d6600000)
  object space 85248K, 8% used [0x0000000783200000,0x00000007838e33c0,0x0000000788540000)
 PSPermGen       total 21248K, used 18974K [0x000000077e000000, 0x000000077f4c0000, 0x0000000783200000)
  object space 21248K, 89% used [0x000000077e000000,0x000000077f287a78,0x000000077f4c0000)
}
Event: 5.951 GC heap before
{Heap before GC invocations=4 (full 0):
 PSYoungGen      total 37312K, used 37036K [0x00000007d6600000, 0x00000007daee0000, 0x0000000800000000)
  eden space 32000K, 100% used [0x00000007d6600000,0x00000007d8540000,0x00000007d8540000)
  from space 5312K, 94% used [0x00000007d8540000,0x00000007d8a2b360,0x00000007d8a70000)
  to   space 5312K, 0% used [0x00000007da9b0000,0x00000007da9b0000,0x00000007daee0000)
 ParOldGen       total 85248K, used 7052K [0x0000000783200000, 0x0000000788540000, 0x00000007d6600000)
  object space 85248K, 8% used [0x0000000783200000,0x00000007838e33c0,0x0000000788540000)
 PSPermGen       total 21248K, used 19051K [0x000000077e000000, 0x000000077f4c0000, 0x0000000783200000)
  object space 21248K, 89% used [0x000000077e000000,0x000000077f29ad38,0x000000077f4c0000)
Event: 5.960 GC heap after
Heap after GC invocations=4 (full 0):
 PSYoungGen      total 69312K, used 5292K [0x00000007d6600000, 0x00000007daee0000, 0x0000000800000000)
  eden space 64000K, 0% used [0x00000007d6600000,0x00000007d6600000,0x00000007da480000)
  from space 5312K, 99% used [0x00000007da9b0000,0x00000007daedb2d0,0x00000007daee0000)
  to   space 5312K, 0% used [0x00000007da480000,0x00000007da480000,0x00000007da9b0000)
 ParOldGen       total 85248K, used 7681K [0x0000000783200000, 0x0000000788540000, 0x00000007d6600000)
  object space 85248K, 9% used [0x0000000783200000,0x0000000783980400,0x0000000788540000)
 PSPermGen       total 21248K, used 19051K [0x000000077e000000, 0x000000077f4c0000, 0x0000000783200000)
  object space 21248K, 89% used [0x000000077e000000,0x000000077f29ad38,0x000000077f4c0000)
}
Event: 9.120 GC heap before
{Heap before GC invocations=5 (full 0):
 PSYoungGen      total 69312K, used 69292K [0x00000007d6600000, 0x00000007daee0000, 0x0000000800000000)
  eden space 64000K, 100% used [0x00000007d6600000,0x00000007da480000,0x00000007da480000)
  from space 5312K, 99% used [0x00000007da9b0000,0x00000007daedb2d0,0x00000007daee0000)
  to   space 5312K, 0% used [0x00000007da480000,0x00000007da480000,0x00000007da9b0000)
 ParOldGen       total 85248K, used 7681K [0x0000000783200000, 0x0000000788540000, 0x00000007d6600000)
  object space 85248K, 9% used [0x0000000783200000,0x0000000783980400,0x0000000788540000)
 PSPermGen       total 21248K, used 19100K [0x000000077e000000, 0x000000077f4c0000, 0x0000000783200000)
  object space 21248K, 89% used [0x000000077e000000,0x000000077f2a7248,0x000000077f4c0000)
Event: 9.132 GC heap after
Heap after GC invocations=5 (full 0):
 PSYoungGen      total 67200K, used 5290K [0x00000007d6600000, 0x00000007db8d0000, 0x0000000800000000)
  eden space 61888K, 0% used [0x00000007d6600000,0x00000007d6600000,0x00000007da270000)
  from space 5312K, 99% used [0x00000007da480000,0x00000007da9aa9f8,0x00000007da9b0000)
  to   space 11456K, 0% used [0x00000007dada0000,0x00000007dada0000,0x00000007db8d0000)
 ParOldGen       total 85248K, used 8105K [0x0000000783200000, 0x0000000788540000, 0x00000007d6600000)
  object space 85248K, 9% used [0x0000000783200000,0x00000007839ea400,0x0000000788540000)
 PSPermGen       total 21248K, used 19100K [0x000000077e000000, 0x000000077f4c0000, 0x0000000783200000)
  object space 21248K, 89% used [0x000000077e000000,0x000000077f2a7248,0x000000077f4c0000)
}
Event: 11.985 GC heap before
{Heap before GC invocations=6 (full 0):
 PSYoungGen      total 67200K, used 67178K [0x00000007d6600000, 0x00000007db8d0000, 0x0000000800000000)
  eden space 61888K, 100% used [0x00000007d6600000,0x00000007da270000,0x00000007da270000)
  from space 5312K, 99% used [0x00000007da480000,0x00000007da9aa9f8,0x00000007da9b0000)
  to   space 11456K, 0% used [0x00000007dada0000,0x00000007dada0000,0x00000007db8d0000)
 ParOldGen       total 85248K, used 8105K [0x0000000783200000, 0x0000000788540000, 0x00000007d6600000)
  object space 85248K, 9% used [0x0000000783200000,0x00000007839ea400,0x0000000788540000)
 PSPermGen       total 21248K, used 19150K [0x000000077e000000, 0x000000077f4c0000, 0x0000000783200000)
  object space 21248K, 90% used [0x000000077e000000,0x000000077f2b39a8,0x000000077f4c0000)
Event: 11.997 GC heap after
Heap after GC invocations=6 (full 0):
 PSYoungGen      total 67968K, used 6220K [0x00000007d6600000, 0x00000007db580000, 0x0000000800000000)
  eden space 59904K, 0% used [0x00000007d6600000,0x00000007d6600000,0x00000007da080000)
  from space 8064K, 77% used [0x00000007dada0000,0x00000007db3b30b8,0x00000007db580000)
  to   space 10752K, 0% used [0x00000007da080000,0x00000007da080000,0x00000007dab00000)
 ParOldGen       total 85248K, used 8113K [0x0000000783200000, 0x0000000788540000, 0x00000007d6600000)
  object space 85248K, 9% used [0x0000000783200000,0x00000007839ec400,0x0000000788540000)
 PSPermGen       total 21248K, used 19150K [0x000000077e000000, 0x000000077f4c0000, 0x0000000783200000)
  object space 21248K, 90% used [0x000000077e000000,0x000000077f2b39a8,0x000000077f4c0000)
}
Event: 15.231 GC heap before
{Heap before GC invocations=7 (full 0):
 PSYoungGen      total 67968K, used 66124K [0x00000007d6600000, 0x00000007db580000, 0x0000000800000000)
  eden space 59904K, 100% used [0x00000007d6600000,0x00000007da080000,0x00000007da080000)
  from space 8064K, 77% used [0x00000007dada0000,0x00000007db3b30b8,0x00000007db580000)
  to   space 10752K, 0% used [0x00000007da080000,0x00000007da080000,0x00000007dab00000)
 ParOldGen       total 85248K, used 8113K [0x0000000783200000, 0x0000000788540000, 0x00000007d6600000)
  object space 85248K, 9% used [0x0000000783200000,0x00000007839ec400,0x0000000788540000)
 PSPermGen       total 21248K, used 19182K [0x000000077e000000, 0x000000077f4c0000, 0x0000000783200000)
  object space 21248K, 90% used [0x000000077e000000,0x000000077f2bba18,0x000000077f4c0000)
Event: 15.242 GC heap after
Heap after GC invocations=7 (full 0):
 PSYoungGen      total 61312K, used 3271K [0x00000007d6600000, 0x00000007db400000, 0x0000000800000000)
  eden space 57984K, 0% used [0x00000007d6600000,0x00000007d6600000,0x00000007d9ea0000)
  from space 3328K, 98% used [0x00000007da080000,0x00000007da3b1e70,0x00000007da3c0000)
  to   space 10944K, 0% used [0x00000007da950000,0x00000007da950000,0x00000007db400000)
 ParOldGen       total 85248K, used 11143K [0x0000000783200000, 0x0000000788540000, 0x00000007d6600000)
  object space 85248K, 13% used [0x0000000783200000,0x0000000783ce1f68,0x0000000788540000)
 PSPermGen       total 21248K, used 19182K [0x000000077e000000, 0x000000077f4c0000, 0x0000000783200000)
  object space 21248K, 90% used [0x000000077e000000,0x000000077f2bba18,0x000000077f4c0000)
}

