# JRE version: 7.0_11-b21
# Java VM: Java HotSpot(TM) 64-Bit Server VM (23.6-b04 mixed mode windows-amd64 compressed oops)
Heap
 PSYoungGen      total 30912K, used 29341K [0x00000007d6600000, 0x00000007da9c0000, 0x0000000800000000)
  eden space 30464K, 94% used [0x00000007d6600000,0x00000007d823f5f8,0x00000007d83c0000)
  from space 448K, 92% used [0x00000007da950000,0x00000007da9b8010,0x00000007da9c0000)
  to   space 9152K, 0% used [0x00000007d97e0000,0x00000007d97e0000,0x00000007da0d0000)
 ParOldGen       total 85248K, used 10556K [0x0000000783200000, 0x0000000788540000, 0x00000007d6600000)
  object space 85248K, 12% used [0x0000000783200000,0x0000000783c4f278,0x0000000788540000)
 PSPermGen       total 21248K, used 19120K [0x000000077e000000, 0x000000077f4c0000, 0x0000000783200000)
  object space 21248K, 89% used [0x000000077e000000,0x000000077f2ac128,0x000000077f4c0000)
GC Heap History (10 events):
Event: 2.080 GC heap before
{Heap before GC invocations=2 (full 0):
 PSYoungGen      total 37312K, used 37298K [0x00000007d6600000, 0x00000007d8fa0000, 0x0000000800000000)
  eden space 32000K, 100% used [0x00000007d6600000,0x00000007d8540000,0x00000007d8540000)
  from space 5312K, 99% used [0x00000007d8540000,0x00000007d8a6ca20,0x00000007d8a70000)
  to   space 5312K, 0% used [0x00000007d8a70000,0x00000007d8a70000,0x00000007d8fa0000)
 ParOldGen       total 85248K, used 5011K [0x0000000783200000, 0x0000000788540000, 0x00000007d6600000)
  object space 85248K, 5% used [0x0000000783200000,0x00000007836e4fe8,0x0000000788540000)
 PSPermGen       total 21248K, used 18222K [0x000000077e000000, 0x000000077f4c0000, 0x0000000783200000)
  object space 21248K, 85% used [0x000000077e000000,0x000000077f1cbad0,0x000000077f4c0000)
Event: 2.088 GC heap after
Heap after GC invocations=2 (full 0):
 PSYoungGen      total 37312K, used 4082K [0x00000007d6600000, 0x00000007daee0000, 0x0000000800000000)
  eden space 32000K, 0% used [0x00000007d6600000,0x00000007d6600000,0x00000007d8540000)
  from space 5312K, 76% used [0x00000007d8a70000,0x00000007d8e6c830,0x00000007d8fa0000)
  to   space 5312K, 0% used [0x00000007d8540000,0x00000007d8540000,0x00000007d8a70000)
 ParOldGen       total 85248K, used 5019K [0x0000000783200000, 0x0000000788540000, 0x00000007d6600000)
  object space 85248K, 5% used [0x0000000783200000,0x00000007836e6fe8,0x0000000788540000)
 PSPermGen       total 21248K, used 18222K [0x000000077e000000, 0x000000077f4c0000, 0x0000000783200000)
  object space 21248K, 85% used [0x000000077e000000,0x000000077f1cbad0,0x000000077f4c0000)
}
Event: 4.236 GC heap before
{Heap before GC invocations=3 (full 0):
 PSYoungGen      total 37312K, used 36082K [0x00000007d6600000, 0x00000007daee0000, 0x0000000800000000)
  eden space 32000K, 100% used [0x00000007d6600000,0x00000007d8540000,0x00000007d8540000)
  from space 5312K, 76% used [0x00000007d8a70000,0x00000007d8e6c830,0x00000007d8fa0000)
  to   space 5312K, 0% used [0x00000007d8540000,0x00000007d8540000,0x00000007d8a70000)
 ParOldGen       total 85248K, used 5019K [0x0000000783200000, 0x0000000788540000, 0x00000007d6600000)
  object space 85248K, 5% used [0x0000000783200000,0x00000007836e6fe8,0x0000000788540000)
 PSPermGen       total 21248K, used 18966K [0x000000077e000000, 0x000000077f4c0000, 0x0000000783200000)
  object space 21248K, 89% used [0x000000077e000000,0x000000077f285888,0x000000077f4c0000)
Event: 4.249 GC heap after
Heap after GC invocations=3 (full 0):
 PSYoungGen      total 37312K, used 4882K [0x00000007d6600000, 0x00000007daee0000, 0x0000000800000000)
  eden space 32000K, 0% used [0x00000007d6600000,0x00000007d6600000,0x00000007d8540000)
  from space 5312K, 91% used [0x00000007d8540000,0x00000007d8a04888,0x00000007d8a70000)
  to   space 5312K, 0% used [0x00000007da9b0000,0x00000007da9b0000,0x00000007daee0000)
 ParOldGen       total 85248K, used 5019K [0x0000000783200000, 0x0000000788540000, 0x00000007d6600000)
  object space 85248K, 5% used [0x0000000783200000,0x00000007836e6fe8,0x0000000788540000)
 PSPermGen       total 21248K, used 18966K [0x000000077e000000, 0x000000077f4c0000, 0x0000000783200000)
  object space 21248K, 89% used [0x000000077e000000,0x000000077f285888,0x000000077f4c0000)
}
Event: 5.820 GC heap before
{Heap before GC invocations=4 (full 0):
 PSYoungGen      total 37312K, used 36882K [0x00000007d6600000, 0x00000007daee0000, 0x0000000800000000)
  eden space 32000K, 100% used [0x00000007d6600000,0x00000007d8540000,0x00000007d8540000)
  from space 5312K, 91% used [0x00000007d8540000,0x00000007d8a04888,0x00000007d8a70000)
  to   space 5312K, 0% used [0x00000007da9b0000,0x00000007da9b0000,0x00000007daee0000)
 ParOldGen       total 85248K, used 5019K [0x0000000783200000, 0x0000000788540000, 0x00000007d6600000)
  object space 85248K, 5% used [0x0000000783200000,0x00000007836e6fe8,0x0000000788540000)
 PSPermGen       total 21248K, used 19046K [0x000000077e000000, 0x000000077f4c0000, 0x0000000783200000)
  object space 21248K, 89% used [0x000000077e000000,0x000000077f299808,0x000000077f4c0000)
Event: 5.830 GC heap after
Heap after GC invocations=4 (full 0):
 PSYoungGen      total 36928K, used 4876K [0x00000007d6600000, 0x00000007dae80000, 0x0000000800000000)
  eden space 32000K, 0% used [0x00000007d6600000,0x00000007d6600000,0x00000007d8540000)
  from space 4928K, 98% used [0x00000007da9b0000,0x00000007dae732c0,0x00000007dae80000)
  to   space 5312K, 0% used [0x00000007da420000,0x00000007da420000,0x00000007da950000)
 ParOldGen       total 85248K, used 5027K [0x0000000783200000, 0x0000000788540000, 0x00000007d6600000)
  object space 85248K, 5% used [0x0000000783200000,0x00000007836e8fe8,0x0000000788540000)
 PSPermGen       total 21248K, used 19046K [0x000000077e000000, 0x000000077f4c0000, 0x0000000783200000)
  object space 21248K, 89% used [0x000000077e000000,0x000000077f299808,0x000000077f4c0000)
}
Event: 7.381 GC heap before
{Heap before GC invocations=5 (full 0):
 PSYoungGen      total 36928K, used 36876K [0x00000007d6600000, 0x00000007dae80000, 0x0000000800000000)
  eden space 32000K, 100% used [0x00000007d6600000,0x00000007d8540000,0x00000007d8540000)
  from space 4928K, 98% used [0x00000007da9b0000,0x00000007dae732c0,0x00000007dae80000)
  to   space 5312K, 0% used [0x00000007da420000,0x00000007da420000,0x00000007da950000)
 ParOldGen       total 85248K, used 5027K [0x0000000783200000, 0x0000000788540000, 0x00000007d6600000)
  object space 85248K, 5% used [0x0000000783200000,0x00000007836e8fe8,0x0000000788540000)
 PSPermGen       total 21248K, used 19074K [0x000000077e000000, 0x000000077f4c0000, 0x0000000783200000)
  object space 21248K, 89% used [0x000000077e000000,0x000000077f2a09f8,0x000000077f4c0000)
Event: 7.394 GC heap after
Heap after GC invocations=5 (full 0):
 PSYoungGen      total 36544K, used 5292K [0x00000007d6600000, 0x00000007da9c0000, 0x0000000800000000)
  eden space 31232K, 0% used [0x00000007d6600000,0x00000007d6600000,0x00000007d8480000)
  from space 5312K, 99% used [0x00000007da420000,0x00000007da94b2c0,0x00000007da950000)
  to   space 448K, 0% used [0x00000007da950000,0x00000007da950000,0x00000007da9c0000)
 ParOldGen       total 85248K, used 5203K [0x0000000783200000, 0x0000000788540000, 0x00000007d6600000)
  object space 85248K, 6% used [0x0000000783200000,0x0000000783714fe8,0x0000000788540000)
 PSPermGen       total 21248K, used 19074K [0x000000077e000000, 0x000000077f4c0000, 0x0000000783200000)
  object space 21248K, 89% used [0x000000077e000000,0x000000077f2a09f8,0x000000077f4c0000)
}
Event: 8.842 GC heap before
{Heap before GC invocations=6 (full 0):
 PSYoungGen      total 36544K, used 36524K [0x00000007d6600000, 0x00000007da9c0000, 0x0000000800000000)
  eden space 31232K, 100% used [0x00000007d6600000,0x00000007d8480000,0x00000007d8480000)
  from space 5312K, 99% used [0x00000007da420000,0x00000007da94b2c0,0x00000007da950000)
  to   space 448K, 0% used [0x00000007da950000,0x00000007da950000,0x00000007da9c0000)
 ParOldGen       total 85248K, used 5203K [0x0000000783200000, 0x0000000788540000, 0x00000007d6600000)
  object space 85248K, 6% used [0x0000000783200000,0x0000000783714fe8,0x0000000788540000)
 PSPermGen       total 21248K, used 19099K [0x000000077e000000, 0x000000077f4c0000, 0x0000000783200000)
  object space 21248K, 89% used [0x000000077e000000,0x000000077f2a6f80,0x000000077f4c0000)
Event: 8.853 GC heap after
Heap after GC invocations=6 (full 0):
 PSYoungGen      total 30912K, used 416K [0x00000007d6600000, 0x00000007da9c0000, 0x0000000800000000)
  eden space 30464K, 0% used [0x00000007d6600000,0x00000007d6600000,0x00000007d83c0000)
  from space 448K, 92% used [0x00000007da950000,0x00000007da9b8010,0x00000007da9c0000)
  to   space 9152K, 0% used [0x00000007d97e0000,0x00000007d97e0000,0x00000007da0d0000)
 ParOldGen       total 85248K, used 10556K [0x0000000783200000, 0x0000000788540000, 0x00000007d6600000)
  object space 85248K, 12% used [0x0000000783200000,0x0000000783c4f278,0x0000000788540000)
 PSPermGen       total 21248K, used 19099K [0x000000077e000000, 0x000000077f4c0000, 0x0000000783200000)
  object space 21248K, 89% used [0x000000077e000000,0x000000077f2a6f80,0x000000077f4c0000)
}

