# JRE version: 7.0_11-b21
# Java VM: Java HotSpot(TM) 64-Bit Server VM (23.6-b04 mixed mode windows-amd64 compressed oops)
Heap
 PSYoungGen      total 18496K, used 13272K [0x00000007d6600000, 0x00000007d7ac0000, 0x0000000800000000)
  eden space 16512K, 80% used [0x00000007d6600000,0x00000007d72ee2f0,0x00000007d7620000)
  from space 1984K, 1% used [0x00000007d78d0000,0x00000007d78d8000,0x00000007d7ac0000)
  to   space 2368K, 0% used [0x00000007d7620000,0x00000007d7620000,0x00000007d7870000)
 ParOldGen       total 85248K, used 12176K [0x0000000783200000, 0x0000000788540000, 0x00000007d6600000)
  object space 85248K, 14% used [0x0000000783200000,0x0000000783de4348,0x0000000788540000)
 PSPermGen       total 21248K, used 19337K [0x000000077e000000, 0x000000077f4c0000, 0x0000000783200000)
  object space 21248K, 91% used [0x000000077e000000,0x000000077f2e27a8,0x000000077f4c0000)
GC Heap History (10 events):
Event: 41.630 GC heap before
{Heap before GC invocations=34 (full 0):
 PSYoungGen      total 17856K, used 17856K [0x00000007d6600000, 0x00000007d7dc0000, 0x0000000800000000)
  eden space 17792K, 100% used [0x00000007d6600000,0x00000007d7760000,0x00000007d7760000)
  from space 64K, 100% used [0x00000007d77b0000,0x00000007d77c0000,0x00000007d77c0000)
  to   space 3264K, 0% used [0x00000007d7a90000,0x00000007d7a90000,0x00000007d7dc0000)
 ParOldGen       total 85248K, used 11592K [0x0000000783200000, 0x0000000788540000, 0x00000007d6600000)
  object space 85248K, 13% used [0x0000000783200000,0x0000000783d52348,0x0000000788540000)
 PSPermGen       total 21248K, used 19329K [0x000000077e000000, 0x000000077f4c0000, 0x0000000783200000)
  object space 21248K, 90% used [0x000000077e000000,0x000000077f2e05a8,0x000000077f4c0000)
Event: 41.631 GC heap after
Heap after GC invocations=34 (full 0):
 PSYoungGen      total 20160K, used 64K [0x00000007d6600000, 0x00000007d7d20000, 0x0000000800000000)
  eden space 17536K, 0% used [0x00000007d6600000,0x00000007d6600000,0x00000007d7720000)
  from space 2624K, 2% used [0x00000007d7a90000,0x00000007d7aa0000,0x00000007d7d20000)
  to   space 3072K, 0% used [0x00000007d7720000,0x00000007d7720000,0x00000007d7a20000)
 ParOldGen       total 85248K, used 11600K [0x0000000783200000, 0x0000000788540000, 0x00000007d6600000)
  object space 85248K, 13% used [0x0000000783200000,0x0000000783d54348,0x0000000788540000)
 PSPermGen       total 21248K, used 19329K [0x000000077e000000, 0x000000077f4c0000, 0x0000000783200000)
  object space 21248K, 90% used [0x000000077e000000,0x000000077f2e05a8,0x000000077f4c0000)
}
Event: 42.533 GC heap before
{Heap before GC invocations=35 (full 0):
 PSYoungGen      total 20160K, used 17600K [0x00000007d6600000, 0x00000007d7d20000, 0x0000000800000000)
  eden space 17536K, 100% used [0x00000007d6600000,0x00000007d7720000,0x00000007d7720000)
  from space 2624K, 2% used [0x00000007d7a90000,0x00000007d7aa0000,0x00000007d7d20000)
  to   space 3072K, 0% used [0x00000007d7720000,0x00000007d7720000,0x00000007d7a20000)
 ParOldGen       total 85248K, used 11600K [0x0000000783200000, 0x0000000788540000, 0x00000007d6600000)
  object space 85248K, 13% used [0x0000000783200000,0x0000000783d54348,0x0000000788540000)
 PSPermGen       total 21248K, used 19331K [0x000000077e000000, 0x000000077f4c0000, 0x0000000783200000)
  object space 21248K, 90% used [0x000000077e000000,0x000000077f2e0ed8,0x000000077f4c0000)
Event: 42.534 GC heap after
Heap after GC invocations=35 (full 0):
 PSYoungGen      total 17408K, used 96K [0x00000007d6600000, 0x00000007d7c80000, 0x0000000800000000)
  eden space 17280K, 0% used [0x00000007d6600000,0x00000007d6600000,0x00000007d76e0000)
  from space 128K, 75% used [0x00000007d7720000,0x00000007d7738000,0x00000007d7740000)
  to   space 2880K, 0% used [0x00000007d79b0000,0x00000007d79b0000,0x00000007d7c80000)
 ParOldGen       total 85248K, used 11600K [0x0000000783200000, 0x0000000788540000, 0x00000007d6600000)
  object space 85248K, 13% used [0x0000000783200000,0x0000000783d54348,0x0000000788540000)
 PSPermGen       total 21248K, used 19331K [0x000000077e000000, 0x000000077f4c0000, 0x0000000783200000)
  object space 21248K, 90% used [0x000000077e000000,0x000000077f2e0ed8,0x000000077f4c0000)
}
Event: 43.394 GC heap before
{Heap before GC invocations=36 (full 0):
 PSYoungGen      total 17408K, used 17376K [0x00000007d6600000, 0x00000007d7c80000, 0x0000000800000000)
  eden space 17280K, 100% used [0x00000007d6600000,0x00000007d76e0000,0x00000007d76e0000)
  from space 128K, 75% used [0x00000007d7720000,0x00000007d7738000,0x00000007d7740000)
  to   space 2880K, 0% used [0x00000007d79b0000,0x00000007d79b0000,0x00000007d7c80000)
 ParOldGen       total 85248K, used 11600K [0x0000000783200000, 0x0000000788540000, 0x00000007d6600000)
  object space 85248K, 13% used [0x0000000783200000,0x0000000783d54348,0x0000000788540000)
 PSPermGen       total 21248K, used 19332K [0x000000077e000000, 0x000000077f4c0000, 0x0000000783200000)
  object space 21248K, 90% used [0x000000077e000000,0x000000077f2e1240,0x000000077f4c0000)
Event: 43.396 GC heap after
Heap after GC invocations=36 (full 0):
 PSYoungGen      total 19264K, used 640K [0x00000007d6600000, 0x00000007d7be0000, 0x0000000800000000)
  eden space 17024K, 0% used [0x00000007d6600000,0x00000007d6600000,0x00000007d76a0000)
  from space 2240K, 28% used [0x00000007d79b0000,0x00000007d7a50000,0x00000007d7be0000)
  to   space 2688K, 0% used [0x00000007d76a0000,0x00000007d76a0000,0x00000007d7940000)
 ParOldGen       total 85248K, used 11608K [0x0000000783200000, 0x0000000788540000, 0x00000007d6600000)
  object space 85248K, 13% used [0x0000000783200000,0x0000000783d56348,0x0000000788540000)
 PSPermGen       total 21248K, used 19332K [0x000000077e000000, 0x000000077f4c0000, 0x0000000783200000)
  object space 21248K, 90% used [0x000000077e000000,0x000000077f2e1240,0x000000077f4c0000)
}
Event: 44.191 GC heap before
{Heap before GC invocations=37 (full 0):
 PSYoungGen      total 19264K, used 17664K [0x00000007d6600000, 0x00000007d7be0000, 0x0000000800000000)
  eden space 17024K, 100% used [0x00000007d6600000,0x00000007d76a0000,0x00000007d76a0000)
  from space 2240K, 28% used [0x00000007d79b0000,0x00000007d7a50000,0x00000007d7be0000)
  to   space 2688K, 0% used [0x00000007d76a0000,0x00000007d76a0000,0x00000007d7940000)
 ParOldGen       total 85248K, used 11608K [0x0000000783200000, 0x0000000788540000, 0x00000007d6600000)
  object space 85248K, 13% used [0x0000000783200000,0x0000000783d56348,0x0000000788540000)
 PSPermGen       total 21248K, used 19333K [0x000000077e000000, 0x000000077f4c0000, 0x0000000783200000)
  object space 21248K, 90% used [0x000000077e000000,0x000000077f2e16d0,0x000000077f4c0000)
Event: 44.194 GC heap after
Heap after GC invocations=37 (full 0):
 PSYoungGen      total 17088K, used 320K [0x00000007d6600000, 0x00000007d7b40000, 0x0000000800000000)
  eden space 16768K, 0% used [0x00000007d6600000,0x00000007d6600000,0x00000007d7660000)
  from space 320K, 100% used [0x00000007d76a0000,0x00000007d76f0000,0x00000007d76f0000)
  to   space 2496K, 0% used [0x00000007d78d0000,0x00000007d78d0000,0x00000007d7b40000)
 ParOldGen       total 85248K, used 12072K [0x0000000783200000, 0x0000000788540000, 0x00000007d6600000)
  object space 85248K, 14% used [0x0000000783200000,0x0000000783dca348,0x0000000788540000)
 PSPermGen       total 21248K, used 19333K [0x000000077e000000, 0x000000077f4c0000, 0x0000000783200000)
  object space 21248K, 90% used [0x000000077e000000,0x000000077f2e16d0,0x000000077f4c0000)
}
Event: 44.993 GC heap before
{Heap before GC invocations=38 (full 0):
 PSYoungGen      total 17088K, used 17088K [0x00000007d6600000, 0x00000007d7b40000, 0x0000000800000000)
  eden space 16768K, 100% used [0x00000007d6600000,0x00000007d7660000,0x00000007d7660000)
  from space 320K, 100% used [0x00000007d76a0000,0x00000007d76f0000,0x00000007d76f0000)
  to   space 2496K, 0% used [0x00000007d78d0000,0x00000007d78d0000,0x00000007d7b40000)
 ParOldGen       total 85248K, used 12072K [0x0000000783200000, 0x0000000788540000, 0x00000007d6600000)
  object space 85248K, 14% used [0x0000000783200000,0x0000000783dca348,0x0000000788540000)
 PSPermGen       total 21248K, used 19333K [0x000000077e000000, 0x000000077f4c0000, 0x0000000783200000)
  object space 21248K, 90% used [0x000000077e000000,0x000000077f2e1790,0x000000077f4c0000)
Event: 44.994 GC heap after
Heap after GC invocations=38 (full 0):
 PSYoungGen      total 18496K, used 32K [0x00000007d6600000, 0x00000007d7ac0000, 0x0000000800000000)
  eden space 16512K, 0% used [0x00000007d6600000,0x00000007d6600000,0x00000007d7620000)
  from space 1984K, 1% used [0x00000007d78d0000,0x00000007d78d8000,0x00000007d7ac0000)
  to   space 2368K, 0% used [0x00000007d7620000,0x00000007d7620000,0x00000007d7870000)
 ParOldGen       total 85248K, used 12176K [0x0000000783200000, 0x0000000788540000, 0x00000007d6600000)
  object space 85248K, 14% used [0x0000000783200000,0x0000000783de4348,0x0000000788540000)
 PSPermGen       total 21248K, used 19333K [0x000000077e000000, 0x000000077f4c0000, 0x0000000783200000)
  object space 21248K, 90% used [0x000000077e000000,0x000000077f2e1790,0x000000077f4c0000)
}

