# JRE version: 7.0_11-b21
# Java VM: Java HotSpot(TM) 64-Bit Server VM (23.6-b04 mixed mode windows-amd64 compressed oops)
Heap
 PSYoungGen      total 67200K, used 48720K [0x00000007d6600000, 0x00000007de840000, 0x0000000800000000)
  eden space 61888K, 71% used [0x00000007d6600000,0x00000007d90ed178,0x00000007da270000)
  from space 5312K, 89% used [0x00000007da480000,0x00000007da926eb0,0x00000007da9b0000)
  to   space 12096K, 0% used [0x00000007ddc70000,0x00000007ddc70000,0x00000007de840000)
 ParOldGen       total 85248K, used 9968K [0x0000000783200000, 0x0000000788540000, 0x00000007d6600000)
  object space 85248K, 11% used [0x0000000783200000,0x0000000783bbc140,0x0000000788540000)
 PSPermGen       total 21248K, used 19198K [0x000000077e000000, 0x000000077f4c0000, 0x0000000783200000)
  object space 21248K, 90% used [0x000000077e000000,0x000000077f2bfb70,0x000000077f4c0000)
GC Heap History (10 events):
Event: 1.725 GC heap before
{Heap before GC invocations=1 (full 0):
 PSYoungGen      total 37312K, used 30067K [0x00000007d6600000, 0x00000007d8fa0000, 0x0000000800000000)
  eden space 32000K, 93% used [0x00000007d6600000,0x00000007d835cc70,0x00000007d8540000)
  from space 5312K, 0% used [0x00000007d8a70000,0x00000007d8a70000,0x00000007d8fa0000)
  to   space 5312K, 0% used [0x00000007d8540000,0x00000007d8540000,0x00000007d8a70000)
 ParOldGen       total 85248K, used 0K [0x0000000783200000, 0x0000000788540000, 0x00000007d6600000)
  object space 85248K, 0% used [0x0000000783200000,0x0000000783200000,0x0000000788540000)
 PSPermGen       total 21248K, used 17428K [0x000000077e000000, 0x000000077f4c0000, 0x0000000783200000)
  object space 21248K, 82% used [0x000000077e000000,0x000000077f105390,0x000000077f4c0000)
Event: 1.743 GC heap after
Heap after GC invocations=1 (full 0):
 PSYoungGen      total 37312K, used 5298K [0x00000007d6600000, 0x00000007daee0000, 0x0000000800000000)
  eden space 32000K, 0% used [0x00000007d6600000,0x00000007d6600000,0x00000007d8540000)
  from space 5312K, 99% used [0x00000007d8540000,0x00000007d8a6ca20,0x00000007d8a70000)
  to   space 5312K, 0% used [0x00000007da9b0000,0x00000007da9b0000,0x00000007daee0000)
 ParOldGen       total 85248K, used 7463K [0x0000000783200000, 0x0000000788540000, 0x00000007d6600000)
  object space 85248K, 8% used [0x0000000783200000,0x0000000783949dd0,0x0000000788540000)
 PSPermGen       total 21248K, used 17428K [0x000000077e000000, 0x000000077f4c0000, 0x0000000783200000)
  object space 21248K, 82% used [0x000000077e000000,0x000000077f105390,0x000000077f4c0000)
}
Event: 2.136 GC heap before
{Heap before GC invocations=2 (full 0):
 PSYoungGen      total 37312K, used 37298K [0x00000007d6600000, 0x00000007daee0000, 0x0000000800000000)
  eden space 32000K, 100% used [0x00000007d6600000,0x00000007d8540000,0x00000007d8540000)
  from space 5312K, 99% used [0x00000007d8540000,0x00000007d8a6ca20,0x00000007d8a70000)
  to   space 5312K, 0% used [0x00000007da9b0000,0x00000007da9b0000,0x00000007daee0000)
 ParOldGen       total 85248K, used 7463K [0x0000000783200000, 0x0000000788540000, 0x00000007d6600000)
  object space 85248K, 8% used [0x0000000783200000,0x0000000783949dd0,0x0000000788540000)
 PSPermGen       total 21248K, used 18223K [0x000000077e000000, 0x000000077f4c0000, 0x0000000783200000)
  object space 21248K, 85% used [0x000000077e000000,0x000000077f1cbc58,0x000000077f4c0000)
Event: 2.144 GC heap after
Heap after GC invocations=2 (full 0):
 PSYoungGen      total 69312K, used 3994K [0x00000007d6600000, 0x00000007daee0000, 0x0000000800000000)
  eden space 64000K, 0% used [0x00000007d6600000,0x00000007d6600000,0x00000007da480000)
  from space 5312K, 75% used [0x00000007da9b0000,0x00000007dad96b70,0x00000007daee0000)
  to   space 5312K, 0% used [0x00000007da480000,0x00000007da480000,0x00000007da9b0000)
 ParOldGen       total 85248K, used 7471K [0x0000000783200000, 0x0000000788540000, 0x00000007d6600000)
  object space 85248K, 8% used [0x0000000783200000,0x000000078394bdd0,0x0000000788540000)
 PSPermGen       total 21248K, used 18223K [0x000000077e000000, 0x000000077f4c0000, 0x0000000783200000)
  object space 21248K, 85% used [0x000000077e000000,0x000000077f1cbc58,0x000000077f4c0000)
}
Event: 5.931 GC heap before
{Heap before GC invocations=3 (full 0):
 PSYoungGen      total 69312K, used 67994K [0x00000007d6600000, 0x00000007daee0000, 0x0000000800000000)
  eden space 64000K, 100% used [0x00000007d6600000,0x00000007da480000,0x00000007da480000)
  from space 5312K, 75% used [0x00000007da9b0000,0x00000007dad96b70,0x00000007daee0000)
  to   space 5312K, 0% used [0x00000007da480000,0x00000007da480000,0x00000007da9b0000)
 ParOldGen       total 85248K, used 7471K [0x0000000783200000, 0x0000000788540000, 0x00000007d6600000)
  object space 85248K, 8% used [0x0000000783200000,0x000000078394bdd0,0x0000000788540000)
 PSPermGen       total 21248K, used 19047K [0x000000077e000000, 0x000000077f4c0000, 0x0000000783200000)
  object space 21248K, 89% used [0x000000077e000000,0x000000077f299de0,0x000000077f4c0000)
Event: 5.944 GC heap after
Heap after GC invocations=3 (full 0):
 PSYoungGen      total 69312K, used 5294K [0x00000007d6600000, 0x00000007ded60000, 0x0000000800000000)
  eden space 64000K, 0% used [0x00000007d6600000,0x00000007d6600000,0x00000007da480000)
  from space 5312K, 99% used [0x00000007da480000,0x00000007da9abb80,0x00000007da9b0000)
  to   space 5312K, 0% used [0x00000007de830000,0x00000007de830000,0x00000007ded60000)
 ParOldGen       total 85248K, used 7696K [0x0000000783200000, 0x0000000788540000, 0x00000007d6600000)
  object space 85248K, 9% used [0x0000000783200000,0x0000000783984120,0x0000000788540000)
 PSPermGen       total 21248K, used 19047K [0x000000077e000000, 0x000000077f4c0000, 0x0000000783200000)
  object space 21248K, 89% used [0x000000077e000000,0x000000077f299de0,0x000000077f4c0000)
}
Event: 9.076 GC heap before
{Heap before GC invocations=4 (full 0):
 PSYoungGen      total 69312K, used 69294K [0x00000007d6600000, 0x00000007ded60000, 0x0000000800000000)
  eden space 64000K, 100% used [0x00000007d6600000,0x00000007da480000,0x00000007da480000)
  from space 5312K, 99% used [0x00000007da480000,0x00000007da9abb80,0x00000007da9b0000)
  to   space 5312K, 0% used [0x00000007de830000,0x00000007de830000,0x00000007ded60000)
 ParOldGen       total 85248K, used 7696K [0x0000000783200000, 0x0000000788540000, 0x00000007d6600000)
  object space 85248K, 9% used [0x0000000783200000,0x0000000783984120,0x0000000788540000)
 PSPermGen       total 21248K, used 19105K [0x000000077e000000, 0x000000077f4c0000, 0x0000000783200000)
  object space 21248K, 89% used [0x000000077e000000,0x000000077f2a8550,0x000000077f4c0000)
Event: 9.092 GC heap after
Heap after GC invocations=4 (full 0):
 PSYoungGen      total 69312K, used 5289K [0x00000007d6600000, 0x00000007ded60000, 0x0000000800000000)
  eden space 64000K, 0% used [0x00000007d6600000,0x00000007d6600000,0x00000007da480000)
  from space 5312K, 99% used [0x00000007de830000,0x00000007ded5a7d0,0x00000007ded60000)
  to   space 5312K, 0% used [0x00000007da480000,0x00000007da480000,0x00000007da9b0000)
 ParOldGen       total 85248K, used 9960K [0x0000000783200000, 0x0000000788540000, 0x00000007d6600000)
  object space 85248K, 11% used [0x0000000783200000,0x0000000783bba140,0x0000000788540000)
 PSPermGen       total 21248K, used 19105K [0x000000077e000000, 0x000000077f4c0000, 0x0000000783200000)
  object space 21248K, 89% used [0x000000077e000000,0x000000077f2a8550,0x000000077f4c0000)
}
Event: 12.101 GC heap before
{Heap before GC invocations=5 (full 0):
 PSYoungGen      total 69312K, used 69289K [0x00000007d6600000, 0x00000007ded60000, 0x0000000800000000)
  eden space 64000K, 100% used [0x00000007d6600000,0x00000007da480000,0x00000007da480000)
  from space 5312K, 99% used [0x00000007de830000,0x00000007ded5a7d0,0x00000007ded60000)
  to   space 5312K, 0% used [0x00000007da480000,0x00000007da480000,0x00000007da9b0000)
 ParOldGen       total 85248K, used 9960K [0x0000000783200000, 0x0000000788540000, 0x00000007d6600000)
  object space 85248K, 11% used [0x0000000783200000,0x0000000783bba140,0x0000000788540000)
 PSPermGen       total 21248K, used 19172K [0x000000077e000000, 0x000000077f4c0000, 0x0000000783200000)
  object space 21248K, 90% used [0x000000077e000000,0x000000077f2b90d8,0x000000077f4c0000)
Event: 12.114 GC heap after
Heap after GC invocations=5 (full 0):
 PSYoungGen      total 67200K, used 4763K [0x00000007d6600000, 0x00000007de840000, 0x0000000800000000)
  eden space 61888K, 0% used [0x00000007d6600000,0x00000007d6600000,0x00000007da270000)
  from space 5312K, 89% used [0x00000007da480000,0x00000007da926eb0,0x00000007da9b0000)
  to   space 12096K, 0% used [0x00000007ddc70000,0x00000007ddc70000,0x00000007de840000)
 ParOldGen       total 85248K, used 9968K [0x0000000783200000, 0x0000000788540000, 0x00000007d6600000)
  object space 85248K, 11% used [0x0000000783200000,0x0000000783bbc140,0x0000000788540000)
 PSPermGen       total 21248K, used 19172K [0x000000077e000000, 0x000000077f4c0000, 0x0000000783200000)
  object space 21248K, 90% used [0x000000077e000000,0x000000077f2b90d8,0x000000077f4c0000)
}

