# JRE version: 7.0_11-b21
# Java VM: Java HotSpot(TM) 64-Bit Server VM (23.6-b04 mixed mode windows-amd64 compressed oops)
Heap
 PSYoungGen      total 69312K, used 49702K [0x00000007d6600000, 0x00000007daee0000, 0x0000000800000000)
  eden space 64000K, 69% used [0x00000007d6600000,0x00000007d91aec38,0x00000007da480000)
  from space 5312K, 93% used [0x00000007da9b0000,0x00000007dae8ac10,0x00000007daee0000)
  to   space 5312K, 0% used [0x00000007da480000,0x00000007da480000,0x00000007da9b0000)
 ParOldGen       total 85248K, used 7149K [0x0000000783200000, 0x0000000788540000, 0x00000007d6600000)
  object space 85248K, 8% used [0x0000000783200000,0x00000007838fb5c8,0x0000000788540000)
 PSPermGen       total 21248K, used 19099K [0x000000077e000000, 0x000000077f4c0000, 0x0000000783200000)
  object space 21248K, 89% used [0x000000077e000000,0x000000077f2a6f38,0x000000077f4c0000)
GC Heap History (8 events):
Event: 1.737 GC heap before
{Heap before GC invocations=1 (full 0):
 PSYoungGen      total 37312K, used 30067K [0x00000007d6600000, 0x00000007d8fa0000, 0x0000000800000000)
  eden space 32000K, 93% used [0x00000007d6600000,0x00000007d835cc80,0x00000007d8540000)
  from space 5312K, 0% used [0x00000007d8a70000,0x00000007d8a70000,0x00000007d8fa0000)
  to   space 5312K, 0% used [0x00000007d8540000,0x00000007d8540000,0x00000007d8a70000)
 ParOldGen       total 85248K, used 0K [0x0000000783200000, 0x0000000788540000, 0x00000007d6600000)
  object space 85248K, 0% used [0x0000000783200000,0x0000000783200000,0x0000000788540000)
 PSPermGen       total 21248K, used 17428K [0x000000077e000000, 0x000000077f4c0000, 0x0000000783200000)
  object space 21248K, 82% used [0x000000077e000000,0x000000077f1053e0,0x000000077f4c0000)
Event: 1.754 GC heap after
Heap after GC invocations=1 (full 0):
 PSYoungGen      total 37312K, used 5291K [0x00000007d6600000, 0x00000007d8fa0000, 0x0000000800000000)
  eden space 32000K, 0% used [0x00000007d6600000,0x00000007d6600000,0x00000007d8540000)
  from space 5312K, 99% used [0x00000007d8540000,0x00000007d8a6af00,0x00000007d8a70000)
  to   space 5312K, 0% used [0x00000007d8a70000,0x00000007d8a70000,0x00000007d8fa0000)
 ParOldGen       total 85248K, used 7133K [0x0000000783200000, 0x0000000788540000, 0x00000007d6600000)
  object space 85248K, 8% used [0x0000000783200000,0x00000007838f75c8,0x0000000788540000)
 PSPermGen       total 21248K, used 17428K [0x000000077e000000, 0x000000077f4c0000, 0x0000000783200000)
  object space 21248K, 82% used [0x000000077e000000,0x000000077f1053e0,0x000000077f4c0000)
}
Event: 2.135 GC heap before
{Heap before GC invocations=2 (full 0):
 PSYoungGen      total 37312K, used 37291K [0x00000007d6600000, 0x00000007d8fa0000, 0x0000000800000000)
  eden space 32000K, 100% used [0x00000007d6600000,0x00000007d8540000,0x00000007d8540000)
  from space 5312K, 99% used [0x00000007d8540000,0x00000007d8a6af00,0x00000007d8a70000)
  to   space 5312K, 0% used [0x00000007d8a70000,0x00000007d8a70000,0x00000007d8fa0000)
 ParOldGen       total 85248K, used 7133K [0x0000000783200000, 0x0000000788540000, 0x00000007d6600000)
  object space 85248K, 8% used [0x0000000783200000,0x00000007838f75c8,0x0000000788540000)
 PSPermGen       total 21248K, used 18057K [0x000000077e000000, 0x000000077f4c0000, 0x0000000783200000)
  object space 21248K, 84% used [0x000000077e000000,0x000000077f1a2460,0x000000077f4c0000)
Event: 2.145 GC heap after
Heap after GC invocations=2 (full 0):
 PSYoungGen      total 37312K, used 3731K [0x00000007d6600000, 0x00000007daee0000, 0x0000000800000000)
  eden space 32000K, 0% used [0x00000007d6600000,0x00000007d6600000,0x00000007d8540000)
  from space 5312K, 70% used [0x00000007d8a70000,0x00000007d8e14e60,0x00000007d8fa0000)
  to   space 5312K, 0% used [0x00000007d8540000,0x00000007d8540000,0x00000007d8a70000)
 ParOldGen       total 85248K, used 7133K [0x0000000783200000, 0x0000000788540000, 0x00000007d6600000)
  object space 85248K, 8% used [0x0000000783200000,0x00000007838f75c8,0x0000000788540000)
 PSPermGen       total 21248K, used 18057K [0x000000077e000000, 0x000000077f4c0000, 0x0000000783200000)
  object space 21248K, 84% used [0x000000077e000000,0x000000077f1a2460,0x000000077f4c0000)
}
Event: 4.335 GC heap before
{Heap before GC invocations=3 (full 0):
 PSYoungGen      total 37312K, used 35731K [0x00000007d6600000, 0x00000007daee0000, 0x0000000800000000)
  eden space 32000K, 100% used [0x00000007d6600000,0x00000007d8540000,0x00000007d8540000)
  from space 5312K, 70% used [0x00000007d8a70000,0x00000007d8e14e60,0x00000007d8fa0000)
  to   space 5312K, 0% used [0x00000007d8540000,0x00000007d8540000,0x00000007d8a70000)
 ParOldGen       total 85248K, used 7133K [0x0000000783200000, 0x0000000788540000, 0x00000007d6600000)
  object space 85248K, 8% used [0x0000000783200000,0x00000007838f75c8,0x0000000788540000)
 PSPermGen       total 21248K, used 18965K [0x000000077e000000, 0x000000077f4c0000, 0x0000000783200000)
  object space 21248K, 89% used [0x000000077e000000,0x000000077f285650,0x000000077f4c0000)
Event: 4.346 GC heap after
Heap after GC invocations=3 (full 0):
 PSYoungGen      total 37312K, used 4895K [0x00000007d6600000, 0x00000007daee0000, 0x0000000800000000)
  eden space 32000K, 0% used [0x00000007d6600000,0x00000007d6600000,0x00000007d8540000)
  from space 5312K, 92% used [0x00000007d8540000,0x00000007d8a07c48,0x00000007d8a70000)
  to   space 5312K, 0% used [0x00000007da9b0000,0x00000007da9b0000,0x00000007daee0000)
 ParOldGen       total 85248K, used 7141K [0x0000000783200000, 0x0000000788540000, 0x00000007d6600000)
  object space 85248K, 8% used [0x0000000783200000,0x00000007838f95c8,0x0000000788540000)
 PSPermGen       total 21248K, used 18965K [0x000000077e000000, 0x000000077f4c0000, 0x0000000783200000)
  object space 21248K, 89% used [0x000000077e000000,0x000000077f285650,0x000000077f4c0000)
}
Event: 5.897 GC heap before
{Heap before GC invocations=4 (full 0):
 PSYoungGen      total 37312K, used 36895K [0x00000007d6600000, 0x00000007daee0000, 0x0000000800000000)
  eden space 32000K, 100% used [0x00000007d6600000,0x00000007d8540000,0x00000007d8540000)
  from space 5312K, 92% used [0x00000007d8540000,0x00000007d8a07c48,0x00000007d8a70000)
  to   space 5312K, 0% used [0x00000007da9b0000,0x00000007da9b0000,0x00000007daee0000)
 ParOldGen       total 85248K, used 7141K [0x0000000783200000, 0x0000000788540000, 0x00000007d6600000)
  object space 85248K, 8% used [0x0000000783200000,0x00000007838f95c8,0x0000000788540000)
 PSPermGen       total 21248K, used 19057K [0x000000077e000000, 0x000000077f4c0000, 0x0000000783200000)
  object space 21248K, 89% used [0x000000077e000000,0x000000077f29c4f0,0x000000077f4c0000)
Event: 5.910 GC heap after
Heap after GC invocations=4 (full 0):
 PSYoungGen      total 69312K, used 4971K [0x00000007d6600000, 0x00000007daee0000, 0x0000000800000000)
  eden space 64000K, 0% used [0x00000007d6600000,0x00000007d6600000,0x00000007da480000)
  from space 5312K, 93% used [0x00000007da9b0000,0x00000007dae8ac10,0x00000007daee0000)
  to   space 5312K, 0% used [0x00000007da480000,0x00000007da480000,0x00000007da9b0000)
 ParOldGen       total 85248K, used 7149K [0x0000000783200000, 0x0000000788540000, 0x00000007d6600000)
  object space 85248K, 8% used [0x0000000783200000,0x00000007838fb5c8,0x0000000788540000)
 PSPermGen       total 21248K, used 19057K [0x000000077e000000, 0x000000077f4c0000, 0x0000000783200000)
  object space 21248K, 89% used [0x000000077e000000,0x000000077f29c4f0,0x000000077f4c0000)
}

